build/app/intermediates/manifest_merge_blame_file/debug/manifest-merger-blame-debug-report.txt
1<?xml version="1.0" encoding="utf-8"?>
2<manifest xmlns:android="http://schemas.android.com/apk/res/android"
3    package="com.example.sebco_camioniste"
4    android:versionCode="1"
5    android:versionName="1.0.0" >
6
7    <uses-sdk
8        android:minSdkVersion="20"
9        android:targetSdkVersion="33" />
10    <!--
11         The INTERNET permission is required for development. Specifically,
12         the Flutter tool needs it to communicate with the running application
13         to allow setting breakpoints, to provide hot reload, etc.
14    -->
15    <uses-permission android:name="android.permission.INTERNET" />
15-->src/debug/AndroidManifest.xml:6:5-66
15-->src/debug/AndroidManifest.xml:6:22-64
16
17    <uses-feature
17-->src/main/AndroidManifest.xml:3:5-5:36
18        android:name="android.hardware.camera"
18-->src/main/AndroidManifest.xml:4:9-47
19        android:required="false" />
19-->src/main/AndroidManifest.xml:5:9-33
20
21    <uses-permission android:name="android.permission.CAMERA" />
21-->src/main/AndroidManifest.xml:7:5-65
21-->src/main/AndroidManifest.xml:7:22-62
22    <uses-permission android:name="android.permission.WRITE_EXTERNAL_STORAGE" />
22-->src/main/AndroidManifest.xml:8:5-81
22-->src/main/AndroidManifest.xml:8:22-78
23    <uses-permission android:name="android.permission.READ_EXTERNAL_STORAGE" />
23-->src/main/AndroidManifest.xml:9:5-80
23-->src/main/AndroidManifest.xml:9:22-77
24    <uses-permission android:name="android.permission.RECEIVE_BOOT_COMPLETED" />
24-->[:flutter_local_notifications] AndroidManifest.xml:9:5-81
24-->[:flutter_local_notifications] AndroidManifest.xml:9:22-78
25    <uses-permission android:name="android.permission.VIBRATE" />
25-->[:flutter_local_notifications] AndroidManifest.xml:10:5-66
25-->[:flutter_local_notifications] AndroidManifest.xml:10:22-63
26    <uses-permission android:name="android.permission.USE_FULL_SCREEN_INTENT" />
26-->[:flutter_local_notifications] AndroidManifest.xml:11:5-81
26-->[:flutter_local_notifications] AndroidManifest.xml:11:22-78
27    <uses-permission android:name="android.permission.SCHEDULE_EXACT_ALARM" />
27-->[:flutter_local_notifications] AndroidManifest.xml:12:5-79
27-->[:flutter_local_notifications] AndroidManifest.xml:12:22-76
28    <uses-permission android:name="android.permission.POST_NOTIFICATIONS" /> <!-- Include required permissions for Google Maps API to run. -->
28-->[:flutter_local_notifications] AndroidManifest.xml:13:5-77
28-->[:flutter_local_notifications] AndroidManifest.xml:13:22-74
29    <uses-permission android:name="android.permission.ACCESS_NETWORK_STATE" />
29-->[com.google.android.gms:play-services-maps:18.1.0] AndroidManifest.xml:23:5-79
29-->[com.google.android.gms:play-services-maps:18.1.0] AndroidManifest.xml:23:22-76
30
31    <uses-feature
31-->[com.google.android.gms:play-services-maps:18.1.0] AndroidManifest.xml:26:5-28:35
32        android:glEsVersion="0x00020000"
32-->[com.google.android.gms:play-services-maps:18.1.0] AndroidManifest.xml:27:9-41
33        android:required="true" />
33-->[com.google.android.gms:play-services-maps:18.1.0] AndroidManifest.xml:28:9-32
34
35    <queries>
35-->[com.google.android.gms:play-services-maps:18.1.0] AndroidManifest.xml:30:5-34:15
36
37        <!-- Needs to be explicitly declared on Android R+ -->
38        <package android:name="com.google.android.apps.maps" />
38-->[com.google.android.gms:play-services-maps:18.1.0] AndroidManifest.xml:33:9-64
38-->[com.google.android.gms:play-services-maps:18.1.0] AndroidManifest.xml:33:18-61
39    </queries>
40
41    <permission
41-->[androidx.core:core:1.10.1] AndroidManifest.xml:22:5-24:47
42        android:name="com.example.sebco_camioniste.DYNAMIC_RECEIVER_NOT_EXPORTED_PERMISSION"
42-->[androidx.core:core:1.10.1] AndroidManifest.xml:23:9-81
43        android:protectionLevel="signature" />
43-->[androidx.core:core:1.10.1] AndroidManifest.xml:24:9-44
44
45    <uses-permission android:name="com.example.sebco_camioniste.DYNAMIC_RECEIVER_NOT_EXPORTED_PERMISSION" />
45-->[androidx.core:core:1.10.1] AndroidManifest.xml:26:5-97
45-->[androidx.core:core:1.10.1] AndroidManifest.xml:26:22-94
46
47    <application
48        android:name="android.app.Application"
49        android:appComponentFactory="androidx.core.app.CoreComponentFactory"
49-->[androidx.core:core:1.10.1] AndroidManifest.xml:28:18-86
50        android:debuggable="true"
51        android:icon="@mipmap/ic_launcher"
52        android:label="sebco_camioniste" >
53        <meta-data
54            android:name="com.google.android.geo.API_KEY"
55            android:value="AIzaSyCyQ0LQ6XqiaXPRK2Wi_zssbLk2gSaiQfY" />
56
57        <activity
58            android:name="com.example.sebco_camioniste.MainActivity"
59            android:configChanges="orientation|keyboardHidden|keyboard|screenSize|smallestScreenSize|locale|layoutDirection|fontScale|screenLayout|density|uiMode"
60            android:exported="true"
61            android:hardwareAccelerated="true"
62            android:launchMode="singleTop"
63            android:theme="@style/LaunchTheme"
64            android:windowSoftInputMode="adjustResize" >
65
66            <!--
67                 Specifies an Android theme to apply to this Activity as soon as
68                 the Android process has started. This theme is visible to the user
69                 while the Flutter UI initializes. After that, this theme continues
70                 to determine the Window background behind the Flutter UI.
71            -->
72            <meta-data
73                android:name="io.flutter.embedding.android.NormalTheme"
74                android:resource="@style/NormalTheme" />
75
76            <intent-filter>
77                <action android:name="android.intent.action.MAIN" />
78
79                <category android:name="android.intent.category.LAUNCHER" />
80            </intent-filter>
81        </activity>
82        <!--
83             Don't delete the meta-data below.
84             This is used by the Flutter tool to generate GeneratedPluginRegistrant.java
85        -->
86        <meta-data
87            android:name="flutterEmbedding"
88            android:value="2" />
89
90        <provider
90-->[:image_picker_android] AndroidManifest.xml:10:9-18:20
91            android:name="io.flutter.plugins.imagepicker.ImagePickerFileProvider"
91-->[:image_picker_android] AndroidManifest.xml:11:13-82
92            android:authorities="com.example.sebco_camioniste.flutter.image_provider"
92-->[:image_picker_android] AndroidManifest.xml:12:13-74
93            android:exported="false"
93-->[:image_picker_android] AndroidManifest.xml:13:13-37
94            android:grantUriPermissions="true" >
94-->[:image_picker_android] AndroidManifest.xml:14:13-47
95            <meta-data
95-->[:image_picker_android] AndroidManifest.xml:15:13-17:75
96                android:name="android.support.FILE_PROVIDER_PATHS"
96-->[:image_picker_android] AndroidManifest.xml:16:17-67
97                android:resource="@xml/flutter_image_picker_file_paths" />
97-->[:image_picker_android] AndroidManifest.xml:17:17-72
98        </provider>
99
100        <receiver
100-->[:flutter_local_notifications] AndroidManifest.xml:16:9-18:40
101            android:name="com.dexterous.flutterlocalnotifications.ActionBroadcastReceiver"
101-->[:flutter_local_notifications] AndroidManifest.xml:17:13-91
102            android:exported="false" />
102-->[:flutter_local_notifications] AndroidManifest.xml:18:13-37
103        <receiver
103-->[:flutter_local_notifications] AndroidManifest.xml:19:9-21:40
104            android:name="com.dexterous.flutterlocalnotifications.ScheduledNotificationReceiver"
104-->[:flutter_local_notifications] AndroidManifest.xml:20:13-97
105            android:exported="false" />
105-->[:flutter_local_notifications] AndroidManifest.xml:21:13-37
106        <receiver
106-->[:flutter_local_notifications] AndroidManifest.xml:22:9-31:20
107            android:name="com.dexterous.flutterlocalnotifications.ScheduledNotificationBootReceiver"
107-->[:flutter_local_notifications] AndroidManifest.xml:23:13-101
108            android:exported="false" >
108-->[:flutter_local_notifications] AndroidManifest.xml:24:13-37
109            <intent-filter>
109-->[:flutter_local_notifications] AndroidManifest.xml:25:13-30:29
110                <action android:name="android.intent.action.BOOT_COMPLETED" />
110-->[:flutter_local_notifications] AndroidManifest.xml:26:17-79
110-->[:flutter_local_notifications] AndroidManifest.xml:26:25-76
111                <action android:name="android.intent.action.MY_PACKAGE_REPLACED" />
111-->[:flutter_local_notifications] AndroidManifest.xml:27:17-84
111-->[:flutter_local_notifications] AndroidManifest.xml:27:25-81
112                <action android:name="android.intent.action.QUICKBOOT_POWERON" />
112-->[:flutter_local_notifications] AndroidManifest.xml:28:17-82
112-->[:flutter_local_notifications] AndroidManifest.xml:28:25-79
113                <action android:name="com.htc.intent.action.QUICKBOOT_POWERON" />
113-->[:flutter_local_notifications] AndroidManifest.xml:29:17-82
113-->[:flutter_local_notifications] AndroidManifest.xml:29:25-79
114            </intent-filter>
115        </receiver> <!-- Needs to be explicitly declared on P+ -->
116        <uses-library
116-->[com.google.android.gms:play-services-maps:18.1.0] AndroidManifest.xml:39:9-41:40
117            android:name="org.apache.http.legacy"
117-->[com.google.android.gms:play-services-maps:18.1.0] AndroidManifest.xml:40:13-50
118            android:required="false" />
118-->[com.google.android.gms:play-services-maps:18.1.0] AndroidManifest.xml:41:13-37
119
120        <activity
120-->[com.google.android.gms:play-services-base:18.0.1] AndroidManifest.xml:20:9-22:45
121            android:name="com.google.android.gms.common.api.GoogleApiActivity"
121-->[com.google.android.gms:play-services-base:18.0.1] AndroidManifest.xml:20:19-85
122            android:exported="false"
122-->[com.google.android.gms:play-services-base:18.0.1] AndroidManifest.xml:22:19-43
123            android:theme="@android:style/Theme.Translucent.NoTitleBar" />
123-->[com.google.android.gms:play-services-base:18.0.1] AndroidManifest.xml:21:19-78
124
125        <meta-data
125-->[com.google.android.gms:play-services-basement:18.0.0] AndroidManifest.xml:21:9-23:69
126            android:name="com.google.android.gms.version"
126-->[com.google.android.gms:play-services-basement:18.0.0] AndroidManifest.xml:22:13-58
127            android:value="@integer/google_play_services_version" />
127-->[com.google.android.gms:play-services-basement:18.0.0] AndroidManifest.xml:23:13-66
128
129        <uses-library
129-->[androidx.window:window:1.0.0-beta04] AndroidManifest.xml:25:9-27:40
130            android:name="androidx.window.extensions"
130-->[androidx.window:window:1.0.0-beta04] AndroidManifest.xml:26:13-54
131            android:required="false" />
131-->[androidx.window:window:1.0.0-beta04] AndroidManifest.xml:27:13-37
132        <uses-library
132-->[androidx.window:window:1.0.0-beta04] AndroidManifest.xml:28:9-30:40
133            android:name="androidx.window.sidecar"
133-->[androidx.window:window:1.0.0-beta04] AndroidManifest.xml:29:13-51
134            android:required="false" />
134-->[androidx.window:window:1.0.0-beta04] AndroidManifest.xml:30:13-37
135
136        <provider
136-->[androidx.profileinstaller:profileinstaller:1.3.0] AndroidManifest.xml:24:9-32:20
137            android:name="androidx.startup.InitializationProvider"
137-->[androidx.profileinstaller:profileinstaller:1.3.0] AndroidManifest.xml:25:13-67
138            android:authorities="com.example.sebco_camioniste.androidx-startup"
138-->[androidx.profileinstaller:profileinstaller:1.3.0] AndroidManifest.xml:26:13-68
139            android:exported="false" >
139-->[androidx.profileinstaller:profileinstaller:1.3.0] AndroidManifest.xml:27:13-37
140            <meta-data
140-->[androidx.profileinstaller:profileinstaller:1.3.0] AndroidManifest.xml:29:13-31:52
141                android:name="androidx.profileinstaller.ProfileInstallerInitializer"
141-->[androidx.profileinstaller:profileinstaller:1.3.0] AndroidManifest.xml:30:17-85
142                android:value="androidx.startup" />
142-->[androidx.profileinstaller:profileinstaller:1.3.0] AndroidManifest.xml:31:17-49
143        </provider>
144
145        <receiver
145-->[androidx.profileinstaller:profileinstaller:1.3.0] AndroidManifest.xml:34:9-52:20
146            android:name="androidx.profileinstaller.ProfileInstallReceiver"
146-->[androidx.profileinstaller:profileinstaller:1.3.0] AndroidManifest.xml:35:13-76
147            android:directBootAware="false"
147-->[androidx.profileinstaller:profileinstaller:1.3.0] AndroidManifest.xml:36:13-44
148            android:enabled="true"
148-->[androidx.profileinstaller:profileinstaller:1.3.0] AndroidManifest.xml:37:13-35
149            android:exported="true"
149-->[androidx.profileinstaller:profileinstaller:1.3.0] AndroidManifest.xml:38:13-36
150            android:permission="android.permission.DUMP" >
150-->[androidx.profileinstaller:profileinstaller:1.3.0] AndroidManifest.xml:39:13-57
151            <intent-filter>
151-->[androidx.profileinstaller:profileinstaller:1.3.0] AndroidManifest.xml:40:13-42:29
152                <action android:name="androidx.profileinstaller.action.INSTALL_PROFILE" />
152-->[androidx.profileinstaller:profileinstaller:1.3.0] AndroidManifest.xml:41:17-91
152-->[androidx.profileinstaller:profileinstaller:1.3.0] AndroidManifest.xml:41:25-88
153            </intent-filter>
154            <intent-filter>
154-->[androidx.profileinstaller:profileinstaller:1.3.0] AndroidManifest.xml:43:13-45:29
155                <action android:name="androidx.profileinstaller.action.SKIP_FILE" />
155-->[androidx.profileinstaller:profileinstaller:1.3.0] AndroidManifest.xml:44:17-85
155-->[androidx.profileinstaller:profileinstaller:1.3.0] AndroidManifest.xml:44:25-82
156            </intent-filter>
157            <intent-filter>
157-->[androidx.profileinstaller:profileinstaller:1.3.0] AndroidManifest.xml:46:13-48:29
158                <action android:name="androidx.profileinstaller.action.SAVE_PROFILE" />
158-->[androidx.profileinstaller:profileinstaller:1.3.0] AndroidManifest.xml:47:17-88
158-->[androidx.profileinstaller:profileinstaller:1.3.0] AndroidManifest.xml:47:25-85
159            </intent-filter>
160            <intent-filter>
160-->[androidx.profileinstaller:profileinstaller:1.3.0] AndroidManifest.xml:49:13-51:29
161                <action android:name="androidx.profileinstaller.action.BENCHMARK_OPERATION" />
161-->[androidx.profileinstaller:profileinstaller:1.3.0] AndroidManifest.xml:50:17-95
161-->[androidx.profileinstaller:profileinstaller:1.3.0] AndroidManifest.xml:50:25-92
162            </intent-filter>
163        </receiver>
164    </application>
165
166</manifest>